{"D:\\growsari-exam\\sp-backend\\app.js": {"path":"D:\\growsari-exam\\sp-backend\\app.js","statementMap":{"0":{"start":{"line":1,"column":0},"end":{"line":1,"column":27}},"1":{"start":{"line":2,"column":0},"end":{"line":2,"column":39}},"2":{"start":{"line":4,"column":16},"end":{"line":4,"column":34}},"3":{"start":{"line":5,"column":12},"end":{"line":5,"column":21}},"4":{"start":{"line":6,"column":13},"end":{"line":6,"column":41}},"5":{"start":{"line":7,"column":13},"end":{"line":7,"column":29}},"6":{"start":{"line":9,"column":0},"end":{"line":9,"column":24}},"7":{"start":{"line":13,"column":15},"end":{"line":13,"column":43}},"8":{"start":{"line":14,"column":0},"end":{"line":14,"column":31}},"9":{"start":{"line":16,"column":14},"end":{"line":16,"column":41}},"10":{"start":{"line":17,"column":0},"end":{"line":17,"column":29}},"11":{"start":{"line":19,"column":12},"end":{"line":19,"column":37}},"12":{"start":{"line":20,"column":0},"end":{"line":20,"column":25}},"13":{"start":{"line":22,"column":15},"end":{"line":22,"column":43}},"14":{"start":{"line":23,"column":0},"end":{"line":23,"column":31}},"15":{"start":{"line":25,"column":11},"end":{"line":25,"column":35}},"16":{"start":{"line":26,"column":0},"end":{"line":26,"column":23}},"17":{"start":{"line":28,"column":12},"end":{"line":28,"column":37}},"18":{"start":{"line":29,"column":0},"end":{"line":29,"column":25}},"19":{"start":{"line":31,"column":17},"end":{"line":31,"column":47}},"20":{"start":{"line":32,"column":0},"end":{"line":32,"column":35}},"21":{"start":{"line":36,"column":0},"end":{"line":36,"column":21}}},"fnMap":{},"branchMap":{},"s":{"0":1,"1":1,"2":1,"3":1,"4":1,"5":1,"6":1,"7":1,"8":1,"9":1,"10":1,"11":1,"12":1,"13":1,"14":1,"15":1,"16":1,"17":1,"18":1,"19":1,"20":1,"21":1},"f":{},"b":{},"_coverageSchema":"1a1c01bbd47fc00a2c39e90264f33305004495a9","hash":"24c3dbf6e3fc209267223f596e8d64b9679610a2"}
,"D:\\growsari-exam\\sp-backend\\middleware\\auth.js": {"path":"D:\\growsari-exam\\sp-backend\\middleware\\auth.js","statementMap":{"0":{"start":{"line":1,"column":12},"end":{"line":1,"column":35}},"1":{"start":{"line":3,"column":15},"end":{"line":3,"column":26}},"2":{"start":{"line":6,"column":20},"end":{"line":22,"column":1}},"3":{"start":{"line":8,"column":4},"end":{"line":8,"column":70}},"4":{"start":{"line":10,"column":2},"end":{"line":12,"column":3}},"5":{"start":{"line":11,"column":4},"end":{"line":11,"column":74}},"6":{"start":{"line":13,"column":2},"end":{"line":19,"column":3}},"7":{"start":{"line":14,"column":20},"end":{"line":14,"column":55}},"8":{"start":{"line":16,"column":4},"end":{"line":16,"column":23}},"9":{"start":{"line":18,"column":4},"end":{"line":18,"column":49}},"10":{"start":{"line":21,"column":2},"end":{"line":21,"column":16}},"11":{"start":{"line":24,"column":0},"end":{"line":24,"column":29}}},"fnMap":{"0":{"name":"(anonymous_0)","decl":{"start":{"line":6,"column":20},"end":{"line":6,"column":21}},"loc":{"start":{"line":6,"column":40},"end":{"line":22,"column":1}},"line":6}},"branchMap":{"0":{"loc":{"start":{"line":8,"column":4},"end":{"line":8,"column":70}},"type":"binary-expr","locations":[{"start":{"line":8,"column":4},"end":{"line":8,"column":18}},{"start":{"line":8,"column":22},"end":{"line":8,"column":37}},{"start":{"line":8,"column":41},"end":{"line":8,"column":70}}],"line":8},"1":{"loc":{"start":{"line":10,"column":2},"end":{"line":12,"column":3}},"type":"if","locations":[{"start":{"line":10,"column":2},"end":{"line":12,"column":3}},{"start":{},"end":{}}],"line":10}},"s":{"0":1,"1":1,"2":1,"3":42,"4":42,"5":14,"6":28,"7":28,"8":28,"9":0,"10":28,"11":1},"f":{"0":42},"b":{"0":[42,42,42],"1":[14,28]},"_coverageSchema":"1a1c01bbd47fc00a2c39e90264f33305004495a9","hash":"e58f69024da9e67ec87f4e74840c059e78cfbe53"}
,"D:\\growsari-exam\\sp-backend\\middleware\\currentuser.js": {"path":"D:\\growsari-exam\\sp-backend\\middleware\\currentuser.js","statementMap":{"0":{"start":{"line":1,"column":12},"end":{"line":1,"column":35}},"1":{"start":{"line":3,"column":15},"end":{"line":3,"column":26}},"2":{"start":{"line":6,"column":18},"end":{"line":18,"column":1}},"3":{"start":{"line":8,"column":16},"end":{"line":8,"column":82}},"4":{"start":{"line":9,"column":2},"end":{"line":16,"column":3}},"5":{"start":{"line":10,"column":20},"end":{"line":10,"column":55}},"6":{"start":{"line":12,"column":4},"end":{"line":12,"column":26}},"7":{"start":{"line":15,"column":4},"end":{"line":15,"column":49}},"8":{"start":{"line":20,"column":0},"end":{"line":20,"column":29}}},"fnMap":{"0":{"name":"(anonymous_0)","decl":{"start":{"line":6,"column":18},"end":{"line":6,"column":19}},"loc":{"start":{"line":6,"column":32},"end":{"line":18,"column":1}},"line":6}},"branchMap":{"0":{"loc":{"start":{"line":8,"column":16},"end":{"line":8,"column":82}},"type":"binary-expr","locations":[{"start":{"line":8,"column":16},"end":{"line":8,"column":30}},{"start":{"line":8,"column":34},"end":{"line":8,"column":49}},{"start":{"line":8,"column":53},"end":{"line":8,"column":82}}],"line":8}},"s":{"0":1,"1":1,"2":1,"3":23,"4":23,"5":23,"6":23,"7":0,"8":1},"f":{"0":23},"b":{"0":[23,23,23]},"_coverageSchema":"1a1c01bbd47fc00a2c39e90264f33305004495a9","hash":"042ece415dfb7117b4b0872fa76d285719512e98"}
,"D:\\growsari-exam\\sp-backend\\model\\activity.js": {"path":"D:\\growsari-exam\\sp-backend\\model\\activity.js","statementMap":{"0":{"start":{"line":1,"column":17},"end":{"line":1,"column":36}},"1":{"start":{"line":2,"column":16},"end":{"line":2,"column":36}},"2":{"start":{"line":3,"column":23},"end":{"line":3,"column":43}},"3":{"start":{"line":4,"column":23},"end":{"line":10,"column":2}},"4":{"start":{"line":13,"column":0},"end":{"line":13,"column":60}}},"fnMap":{},"branchMap":{},"s":{"0":1,"1":1,"2":1,"3":1,"4":1},"f":{},"b":{},"_coverageSchema":"1a1c01bbd47fc00a2c39e90264f33305004495a9","hash":"cfc022568440d9b0dd34135f75136801683c0af4"}
,"D:\\growsari-exam\\sp-backend\\model\\note.js": {"path":"D:\\growsari-exam\\sp-backend\\model\\note.js","statementMap":{"0":{"start":{"line":1,"column":17},"end":{"line":1,"column":36}},"1":{"start":{"line":3,"column":19},"end":{"line":8,"column":2}},"2":{"start":{"line":10,"column":0},"end":{"line":10,"column":52}}},"fnMap":{},"branchMap":{},"s":{"0":1,"1":1,"2":1},"f":{},"b":{},"_coverageSchema":"1a1c01bbd47fc00a2c39e90264f33305004495a9","hash":"fb32fe609b3b5f45badf0559d652e4a2f2730f3f"}
,"D:\\growsari-exam\\sp-backend\\model\\subject.js": {"path":"D:\\growsari-exam\\sp-backend\\model\\subject.js","statementMap":{"0":{"start":{"line":1,"column":17},"end":{"line":1,"column":36}},"1":{"start":{"line":3,"column":22},"end":{"line":6,"column":2}},"2":{"start":{"line":8,"column":0},"end":{"line":8,"column":58}}},"fnMap":{},"branchMap":{},"s":{"0":1,"1":1,"2":1},"f":{},"b":{},"_coverageSchema":"1a1c01bbd47fc00a2c39e90264f33305004495a9","hash":"6dd6f403d53909df5ec32c71a976bbf04408cab9"}
,"D:\\growsari-exam\\sp-backend\\model\\user.js": {"path":"D:\\growsari-exam\\sp-backend\\model\\user.js","statementMap":{"0":{"start":{"line":1,"column":17},"end":{"line":1,"column":36}},"1":{"start":{"line":3,"column":19},"end":{"line":22,"column":2}},"2":{"start":{"line":24,"column":0},"end":{"line":24,"column":52}}},"fnMap":{},"branchMap":{},"s":{"0":1,"1":1,"2":1},"f":{},"b":{},"_coverageSchema":"1a1c01bbd47fc00a2c39e90264f33305004495a9","hash":"bb2785d71e43999950ef2288c64dd3c21a431c6d"}
,"D:\\growsari-exam\\sp-backend\\routes\\activities.js": {"path":"D:\\growsari-exam\\sp-backend\\routes\\activities.js","statementMap":{"0":{"start":{"line":1,"column":13},"end":{"line":1,"column":42}},"1":{"start":{"line":2,"column":20},"end":{"line":2,"column":56}},"2":{"start":{"line":3,"column":19},"end":{"line":3,"column":41}},"3":{"start":{"line":4,"column":16},"end":{"line":4,"column":34}},"4":{"start":{"line":5,"column":17},"end":{"line":5,"column":45}},"5":{"start":{"line":6,"column":16},"end":{"line":6,"column":43}},"6":{"start":{"line":8,"column":10},"end":{"line":8,"column":26}},"7":{"start":{"line":9,"column":0},"end":{"line":9,"column":27}},"8":{"start":{"line":12,"column":0},"end":{"line":21,"column":3}},"9":{"start":{"line":14,"column":4},"end":{"line":19,"column":5}},"10":{"start":{"line":15,"column":33},"end":{"line":15,"column":85}},"11":{"start":{"line":16,"column":8},"end":{"line":16,"column":49}},"12":{"start":{"line":18,"column":8},"end":{"line":18,"column":34}},"13":{"start":{"line":23,"column":0},"end":{"line":53,"column":3}},"14":{"start":{"line":24,"column":45},"end":{"line":24,"column":53}},"15":{"start":{"line":25,"column":4},"end":{"line":25,"column":35}},"16":{"start":{"line":26,"column":4},"end":{"line":51,"column":5}},"17":{"start":{"line":27,"column":26},"end":{"line":27,"column":72}},"18":{"start":{"line":28,"column":8},"end":{"line":48,"column":9}},"19":{"start":{"line":29,"column":12},"end":{"line":29,"column":77}},"20":{"start":{"line":31,"column":12},"end":{"line":47,"column":13}},"21":{"start":{"line":32,"column":33},"end":{"line":37,"column":18}},"22":{"start":{"line":39,"column":16},"end":{"line":39,"column":78}},"23":{"start":{"line":41,"column":16},"end":{"line":45,"column":17}},"24":{"start":{"line":42,"column":20},"end":{"line":42,"column":74}},"25":{"start":{"line":44,"column":20},"end":{"line":44,"column":46}},"26":{"start":{"line":50,"column":8},"end":{"line":50,"column":56}},"27":{"start":{"line":55,"column":0},"end":{"line":83,"column":3}},"28":{"start":{"line":56,"column":36},"end":{"line":56,"column":44}},"29":{"start":{"line":57,"column":4},"end":{"line":82,"column":5}},"30":{"start":{"line":58,"column":8},"end":{"line":79,"column":9}},"31":{"start":{"line":59,"column":31},"end":{"line":59,"column":70}},"32":{"start":{"line":60,"column":12},"end":{"line":74,"column":13}},"33":{"start":{"line":61,"column":16},"end":{"line":61,"column":65}},"34":{"start":{"line":64,"column":16},"end":{"line":73,"column":17}},"35":{"start":{"line":65,"column":41},"end":{"line":69,"column":21}},"36":{"start":{"line":70,"column":20},"end":{"line":70,"column":91}},"37":{"start":{"line":72,"column":20},"end":{"line":72,"column":91}},"38":{"start":{"line":77,"column":12},"end":{"line":77,"column":29}},"39":{"start":{"line":78,"column":12},"end":{"line":78,"column":38}},"40":{"start":{"line":81,"column":8},"end":{"line":81,"column":92}},"41":{"start":{"line":85,"column":0},"end":{"line":107,"column":3}},"42":{"start":{"line":86,"column":28},"end":{"line":86,"column":36}},"43":{"start":{"line":87,"column":4},"end":{"line":104,"column":5}},"44":{"start":{"line":88,"column":8},"end":{"line":103,"column":9}},"45":{"start":{"line":89,"column":33},"end":{"line":89,"column":72}},"46":{"start":{"line":90,"column":12},"end":{"line":99,"column":13}},"47":{"start":{"line":91,"column":16},"end":{"line":96,"column":17}},"48":{"start":{"line":92,"column":43},"end":{"line":92,"column":84}},"49":{"start":{"line":93,"column":20},"end":{"line":93,"column":91}},"50":{"start":{"line":95,"column":20},"end":{"line":95,"column":91}},"51":{"start":{"line":98,"column":16},"end":{"line":98,"column":63}},"52":{"start":{"line":101,"column":12},"end":{"line":101,"column":29}},"53":{"start":{"line":102,"column":12},"end":{"line":102,"column":38}},"54":{"start":{"line":111,"column":0},"end":{"line":111,"column":21}}},"fnMap":{"0":{"name":"(anonymous_0)","decl":{"start":{"line":12,"column":19},"end":{"line":12,"column":20}},"loc":{"start":{"line":12,"column":39},"end":{"line":21,"column":1}},"line":12},"1":{"name":"(anonymous_1)","decl":{"start":{"line":23,"column":23},"end":{"line":23,"column":24}},"loc":{"start":{"line":23,"column":42},"end":{"line":53,"column":1}},"line":23},"2":{"name":"(anonymous_2)","decl":{"start":{"line":55,"column":27},"end":{"line":55,"column":28}},"loc":{"start":{"line":55,"column":46},"end":{"line":83,"column":1}},"line":55},"3":{"name":"(anonymous_3)","decl":{"start":{"line":85,"column":28},"end":{"line":85,"column":29}},"loc":{"start":{"line":85,"column":47},"end":{"line":107,"column":1}},"line":85}},"branchMap":{"0":{"loc":{"start":{"line":26,"column":4},"end":{"line":51,"column":5}},"type":"if","locations":[{"start":{"line":26,"column":4},"end":{"line":51,"column":5}},{"start":{"line":49,"column":11},"end":{"line":51,"column":5}}],"line":26},"1":{"loc":{"start":{"line":26,"column":7},"end":{"line":26,"column":43}},"type":"binary-expr","locations":[{"start":{"line":26,"column":7},"end":{"line":26,"column":26}},{"start":{"line":26,"column":30},"end":{"line":26,"column":43}}],"line":26},"2":{"loc":{"start":{"line":28,"column":8},"end":{"line":48,"column":9}},"type":"if","locations":[{"start":{"line":28,"column":8},"end":{"line":48,"column":9}},{"start":{"line":30,"column":15},"end":{"line":48,"column":9}}],"line":28},"3":{"loc":{"start":{"line":41,"column":16},"end":{"line":45,"column":17}},"type":"if","locations":[{"start":{"line":41,"column":16},"end":{"line":45,"column":17}},{"start":{"line":43,"column":23},"end":{"line":45,"column":17}}],"line":41},"4":{"loc":{"start":{"line":57,"column":4},"end":{"line":82,"column":5}},"type":"if","locations":[{"start":{"line":57,"column":4},"end":{"line":82,"column":5}},{"start":{"line":80,"column":11},"end":{"line":82,"column":5}}],"line":57},"5":{"loc":{"start":{"line":57,"column":7},"end":{"line":57,"column":46}},"type":"binary-expr","locations":[{"start":{"line":57,"column":7},"end":{"line":57,"column":28}},{"start":{"line":57,"column":32},"end":{"line":57,"column":46}}],"line":57},"6":{"loc":{"start":{"line":60,"column":12},"end":{"line":74,"column":13}},"type":"if","locations":[{"start":{"line":60,"column":12},"end":{"line":74,"column":13}},{"start":{"line":63,"column":19},"end":{"line":74,"column":13}}],"line":60},"7":{"loc":{"start":{"line":64,"column":16},"end":{"line":73,"column":17}},"type":"if","locations":[{"start":{"line":64,"column":16},"end":{"line":73,"column":17}},{"start":{"line":71,"column":23},"end":{"line":73,"column":17}}],"line":64},"8":{"loc":{"start":{"line":87,"column":4},"end":{"line":104,"column":5}},"type":"if","locations":[{"start":{"line":87,"column":4},"end":{"line":104,"column":5}},{"start":{},"end":{}}],"line":87},"9":{"loc":{"start":{"line":90,"column":12},"end":{"line":99,"column":13}},"type":"if","locations":[{"start":{"line":90,"column":12},"end":{"line":99,"column":13}},{"start":{"line":97,"column":19},"end":{"line":99,"column":13}}],"line":90},"10":{"loc":{"start":{"line":91,"column":16},"end":{"line":96,"column":17}},"type":"if","locations":[{"start":{"line":91,"column":16},"end":{"line":96,"column":17}},{"start":{"line":94,"column":23},"end":{"line":96,"column":17}}],"line":91}},"s":{"0":1,"1":1,"2":1,"3":1,"4":1,"5":1,"6":1,"7":1,"8":1,"9":1,"10":1,"11":1,"12":0,"13":1,"14":4,"15":4,"16":4,"17":3,"18":3,"19":1,"20":2,"21":2,"22":1,"23":1,"24":1,"25":0,"26":1,"27":1,"28":3,"29":3,"30":2,"31":2,"32":2,"33":1,"34":1,"35":1,"36":1,"37":0,"38":0,"39":0,"40":1,"41":1,"42":2,"43":2,"44":2,"45":2,"46":2,"47":1,"48":1,"49":1,"50":0,"51":1,"52":0,"53":0,"54":1},"f":{"0":1,"1":4,"2":3,"3":2},"b":{"0":[3,1],"1":[4,3],"2":[1,2],"3":[1,0],"4":[2,1],"5":[3,1],"6":[1,1],"7":[1,0],"8":[2,0],"9":[1,1],"10":[1,0]},"_coverageSchema":"1a1c01bbd47fc00a2c39e90264f33305004495a9","hash":"9493b6e10155d130908dc598b45fd04a96d5e093"}
,"D:\\growsari-exam\\sp-backend\\routes\\login.js": {"path":"D:\\growsari-exam\\sp-backend\\routes\\login.js","statementMap":{"0":{"start":{"line":1,"column":0},"end":{"line":1,"column":27}},"1":{"start":{"line":4,"column":16},"end":{"line":4,"column":34}},"2":{"start":{"line":5,"column":12},"end":{"line":5,"column":35}},"3":{"start":{"line":6,"column":15},"end":{"line":6,"column":34}},"4":{"start":{"line":7,"column":19},"end":{"line":7,"column":41}},"5":{"start":{"line":8,"column":13},"end":{"line":8,"column":37}},"6":{"start":{"line":10,"column":10},"end":{"line":10,"column":26}},"7":{"start":{"line":12,"column":0},"end":{"line":51,"column":3}},"8":{"start":{"line":15,"column":4},"end":{"line":49,"column":5}},"9":{"start":{"line":17,"column":36},"end":{"line":17,"column":44}},"10":{"start":{"line":20,"column":8},"end":{"line":45,"column":9}},"11":{"start":{"line":21,"column":12},"end":{"line":21,"column":58}},"12":{"start":{"line":25,"column":25},"end":{"line":25,"column":54}},"13":{"start":{"line":27,"column":12},"end":{"line":44,"column":13}},"14":{"start":{"line":29,"column":30},"end":{"line":35,"column":17}},"15":{"start":{"line":38,"column":16},"end":{"line":38,"column":35}},"16":{"start":{"line":41,"column":16},"end":{"line":41,"column":43}},"17":{"start":{"line":43,"column":16},"end":{"line":43,"column":60}},"18":{"start":{"line":48,"column":8},"end":{"line":48,"column":25}},"19":{"start":{"line":53,"column":0},"end":{"line":53,"column":21}}},"fnMap":{"0":{"name":"(anonymous_0)","decl":{"start":{"line":12,"column":14},"end":{"line":12,"column":15}},"loc":{"start":{"line":12,"column":34},"end":{"line":51,"column":1}},"line":12}},"branchMap":{"0":{"loc":{"start":{"line":20,"column":8},"end":{"line":45,"column":9}},"type":"if","locations":[{"start":{"line":20,"column":8},"end":{"line":45,"column":9}},{"start":{"line":22,"column":15},"end":{"line":45,"column":9}}],"line":20},"1":{"loc":{"start":{"line":20,"column":12},"end":{"line":20,"column":42}},"type":"binary-expr","locations":[{"start":{"line":20,"column":12},"end":{"line":20,"column":23}},{"start":{"line":20,"column":27},"end":{"line":20,"column":42}}],"line":20},"2":{"loc":{"start":{"line":27,"column":12},"end":{"line":44,"column":13}},"type":"if","locations":[{"start":{"line":27,"column":12},"end":{"line":44,"column":13}},{"start":{"line":42,"column":19},"end":{"line":44,"column":13}}],"line":27},"3":{"loc":{"start":{"line":27,"column":16},"end":{"line":27,"column":69}},"type":"binary-expr","locations":[{"start":{"line":27,"column":16},"end":{"line":27,"column":20}},{"start":{"line":27,"column":25},"end":{"line":27,"column":68}}],"line":27}},"s":{"0":1,"1":1,"2":1,"3":1,"4":1,"5":1,"6":1,"7":1,"8":2,"9":2,"10":2,"11":1,"12":1,"13":1,"14":0,"15":0,"16":0,"17":1,"18":0,"19":1},"f":{"0":2},"b":{"0":[1,1],"1":[2,1],"2":[0,1],"3":[1,1]},"_coverageSchema":"1a1c01bbd47fc00a2c39e90264f33305004495a9","hash":"86ba0f6ed720b3fc8fdcc9a69412a564e1cf3af6"}
,"D:\\growsari-exam\\sp-backend\\routes\\notes.js": {"path":"D:\\growsari-exam\\sp-backend\\routes\\notes.js","statementMap":{"0":{"start":{"line":1,"column":16},"end":{"line":1,"column":34}},"1":{"start":{"line":2,"column":33},"end":{"line":2,"column":61}},"2":{"start":{"line":3,"column":12},"end":{"line":3,"column":35}},"3":{"start":{"line":4,"column":19},"end":{"line":4,"column":41}},"4":{"start":{"line":5,"column":13},"end":{"line":5,"column":37}},"5":{"start":{"line":6,"column":20},"end":{"line":6,"column":56}},"6":{"start":{"line":7,"column":13},"end":{"line":7,"column":42}},"7":{"start":{"line":8,"column":14},"end":{"line":8,"column":30}},"8":{"start":{"line":10,"column":10},"end":{"line":10,"column":26}},"9":{"start":{"line":11,"column":0},"end":{"line":11,"column":27}},"10":{"start":{"line":13,"column":0},"end":{"line":23,"column":3}},"11":{"start":{"line":14,"column":4},"end":{"line":22,"column":5}},"12":{"start":{"line":15,"column":16},"end":{"line":15,"column":36}},"13":{"start":{"line":16,"column":25},"end":{"line":18,"column":9}},"14":{"start":{"line":19,"column":8},"end":{"line":19,"column":39}},"15":{"start":{"line":21,"column":8},"end":{"line":21,"column":25}},"16":{"start":{"line":25,"column":0},"end":{"line":56,"column":3}},"17":{"start":{"line":27,"column":4},"end":{"line":54,"column":5}},"18":{"start":{"line":28,"column":40},"end":{"line":28,"column":48}},"19":{"start":{"line":30,"column":8},"end":{"line":50,"column":9}},"20":{"start":{"line":31,"column":28},"end":{"line":31,"column":60}},"21":{"start":{"line":33,"column":12},"end":{"line":47,"column":13}},"22":{"start":{"line":34,"column":29},"end":{"line":34,"column":49}},"23":{"start":{"line":35,"column":27},"end":{"line":35,"column":43}},"24":{"start":{"line":37,"column":29},"end":{"line":42,"column":18}},"25":{"start":{"line":43,"column":16},"end":{"line":43,"column":60}},"26":{"start":{"line":46,"column":16},"end":{"line":46,"column":70}},"27":{"start":{"line":49,"column":12},"end":{"line":49,"column":72}},"28":{"start":{"line":52,"column":8},"end":{"line":52,"column":25}},"29":{"start":{"line":53,"column":8},"end":{"line":53,"column":34}},"30":{"start":{"line":58,"column":0},"end":{"line":80,"column":2}},"31":{"start":{"line":59,"column":15},"end":{"line":59,"column":35}},"32":{"start":{"line":60,"column":34},"end":{"line":60,"column":42}},"33":{"start":{"line":61,"column":4},"end":{"line":79,"column":5}},"34":{"start":{"line":62,"column":8},"end":{"line":76,"column":9}},"35":{"start":{"line":63,"column":29},"end":{"line":63,"column":61}},"36":{"start":{"line":65,"column":12},"end":{"line":73,"column":13}},"37":{"start":{"line":66,"column":33},"end":{"line":69,"column":17}},"38":{"start":{"line":70,"column":16},"end":{"line":70,"column":83}},"39":{"start":{"line":72,"column":16},"end":{"line":72,"column":80}},"40":{"start":{"line":75,"column":12},"end":{"line":75,"column":38}},"41":{"start":{"line":78,"column":8},"end":{"line":78,"column":67}},"42":{"start":{"line":82,"column":0},"end":{"line":105,"column":3}},"43":{"start":{"line":83,"column":15},"end":{"line":83,"column":35}},"44":{"start":{"line":84,"column":25},"end":{"line":84,"column":33}},"45":{"start":{"line":85,"column":4},"end":{"line":104,"column":5}},"46":{"start":{"line":86,"column":8},"end":{"line":100,"column":9}},"47":{"start":{"line":87,"column":29},"end":{"line":87,"column":61}},"48":{"start":{"line":88,"column":12},"end":{"line":97,"column":13}},"49":{"start":{"line":89,"column":16},"end":{"line":89,"column":80}},"50":{"start":{"line":91,"column":16},"end":{"line":96,"column":17}},"51":{"start":{"line":92,"column":39},"end":{"line":92,"column":73}},"52":{"start":{"line":93,"column":20},"end":{"line":93,"column":88}},"53":{"start":{"line":95,"column":20},"end":{"line":95,"column":88}},"54":{"start":{"line":99,"column":12},"end":{"line":99,"column":38}},"55":{"start":{"line":103,"column":8},"end":{"line":103,"column":82}},"56":{"start":{"line":107,"column":0},"end":{"line":107,"column":21}}},"fnMap":{"0":{"name":"(anonymous_0)","decl":{"start":{"line":13,"column":19},"end":{"line":13,"column":20}},"loc":{"start":{"line":13,"column":39},"end":{"line":23,"column":1}},"line":13},"1":{"name":"(anonymous_1)","decl":{"start":{"line":25,"column":23},"end":{"line":25,"column":24}},"loc":{"start":{"line":25,"column":43},"end":{"line":56,"column":1}},"line":25},"2":{"name":"(anonymous_2)","decl":{"start":{"line":58,"column":27},"end":{"line":58,"column":28}},"loc":{"start":{"line":58,"column":45},"end":{"line":80,"column":1}},"line":58},"3":{"name":"(anonymous_3)","decl":{"start":{"line":82,"column":28},"end":{"line":82,"column":29}},"loc":{"start":{"line":82,"column":47},"end":{"line":105,"column":1}},"line":82}},"branchMap":{"0":{"loc":{"start":{"line":30,"column":8},"end":{"line":50,"column":9}},"type":"if","locations":[{"start":{"line":30,"column":8},"end":{"line":50,"column":9}},{"start":{"line":48,"column":15},"end":{"line":50,"column":9}}],"line":30},"1":{"loc":{"start":{"line":30,"column":12},"end":{"line":30,"column":49}},"type":"binary-expr","locations":[{"start":{"line":30,"column":12},"end":{"line":30,"column":30}},{"start":{"line":30,"column":34},"end":{"line":30,"column":49}}],"line":30},"2":{"loc":{"start":{"line":33,"column":12},"end":{"line":47,"column":13}},"type":"if","locations":[{"start":{"line":33,"column":12},"end":{"line":47,"column":13}},{"start":{"line":45,"column":19},"end":{"line":47,"column":13}}],"line":33},"3":{"loc":{"start":{"line":61,"column":4},"end":{"line":79,"column":5}},"type":"if","locations":[{"start":{"line":61,"column":4},"end":{"line":79,"column":5}},{"start":{"line":77,"column":11},"end":{"line":79,"column":5}}],"line":61},"4":{"loc":{"start":{"line":61,"column":7},"end":{"line":61,"column":44}},"type":"binary-expr","locations":[{"start":{"line":61,"column":7},"end":{"line":61,"column":25}},{"start":{"line":61,"column":29},"end":{"line":61,"column":44}}],"line":61},"5":{"loc":{"start":{"line":65,"column":12},"end":{"line":73,"column":13}},"type":"if","locations":[{"start":{"line":65,"column":12},"end":{"line":73,"column":13}},{"start":{"line":71,"column":19},"end":{"line":73,"column":13}}],"line":65},"6":{"loc":{"start":{"line":85,"column":4},"end":{"line":104,"column":5}},"type":"if","locations":[{"start":{"line":85,"column":4},"end":{"line":104,"column":5}},{"start":{"line":102,"column":11},"end":{"line":104,"column":5}}],"line":85},"7":{"loc":{"start":{"line":88,"column":12},"end":{"line":97,"column":13}},"type":"if","locations":[{"start":{"line":88,"column":12},"end":{"line":97,"column":13}},{"start":{"line":90,"column":19},"end":{"line":97,"column":13}}],"line":88},"8":{"loc":{"start":{"line":91,"column":16},"end":{"line":96,"column":17}},"type":"if","locations":[{"start":{"line":91,"column":16},"end":{"line":96,"column":17}},{"start":{"line":94,"column":23},"end":{"line":96,"column":17}}],"line":91}},"s":{"0":1,"1":1,"2":1,"3":1,"4":1,"5":1,"6":1,"7":1,"8":1,"9":1,"10":1,"11":1,"12":1,"13":1,"14":1,"15":0,"16":1,"17":3,"18":3,"19":3,"20":2,"21":2,"22":1,"23":1,"24":1,"25":1,"26":1,"27":1,"28":0,"29":0,"30":1,"31":2,"32":2,"33":2,"34":2,"35":2,"36":2,"37":1,"38":1,"39":1,"40":0,"41":0,"42":1,"43":2,"44":2,"45":2,"46":1,"47":1,"48":1,"49":0,"50":1,"51":1,"52":1,"53":0,"54":0,"55":1,"56":1},"f":{"0":1,"1":3,"2":2,"3":2},"b":{"0":[2,1],"1":[3,2],"2":[1,1],"3":[2,0],"4":[2,2],"5":[1,1],"6":[1,1],"7":[0,1],"8":[1,0]},"_coverageSchema":"1a1c01bbd47fc00a2c39e90264f33305004495a9","hash":"850247af3f18777293b03e71d6a25875586c7c34"}
,"D:\\growsari-exam\\sp-backend\\routes\\register.js": {"path":"D:\\growsari-exam\\sp-backend\\routes\\register.js","statementMap":{"0":{"start":{"line":1,"column":0},"end":{"line":1,"column":27}},"1":{"start":{"line":3,"column":16},"end":{"line":3,"column":34}},"2":{"start":{"line":4,"column":12},"end":{"line":4,"column":35}},"3":{"start":{"line":5,"column":15},"end":{"line":5,"column":34}},"4":{"start":{"line":6,"column":19},"end":{"line":6,"column":41}},"5":{"start":{"line":7,"column":13},"end":{"line":7,"column":37}},"6":{"start":{"line":9,"column":10},"end":{"line":9,"column":26}},"7":{"start":{"line":11,"column":0},"end":{"line":11,"column":27}},"8":{"start":{"line":13,"column":0},"end":{"line":63,"column":3}},"9":{"start":{"line":15,"column":4},"end":{"line":62,"column":5}},"10":{"start":{"line":18,"column":59},"end":{"line":18,"column":67}},"11":{"start":{"line":21,"column":8},"end":{"line":57,"column":9}},"12":{"start":{"line":22,"column":12},"end":{"line":22,"column":58}},"13":{"start":{"line":26,"column":28},"end":{"line":26,"column":57}},"14":{"start":{"line":28,"column":12},"end":{"line":30,"column":13}},"15":{"start":{"line":29,"column":16},"end":{"line":29,"column":80}},"16":{"start":{"line":33,"column":31},"end":{"line":33,"column":33}},"17":{"start":{"line":34,"column":30},"end":{"line":34,"column":78}},"18":{"start":{"line":36,"column":25},"end":{"line":41,"column":14}},"19":{"start":{"line":45,"column":26},"end":{"line":51,"column":13}},"20":{"start":{"line":53,"column":12},"end":{"line":53,"column":31}},"21":{"start":{"line":56,"column":12},"end":{"line":56,"column":39}},"22":{"start":{"line":61,"column":8},"end":{"line":61,"column":25}},"23":{"start":{"line":65,"column":0},"end":{"line":65,"column":20}}},"fnMap":{"0":{"name":"(anonymous_0)","decl":{"start":{"line":13,"column":14},"end":{"line":13,"column":15}},"loc":{"start":{"line":13,"column":34},"end":{"line":63,"column":1}},"line":13}},"branchMap":{"0":{"loc":{"start":{"line":21,"column":8},"end":{"line":57,"column":9}},"type":"if","locations":[{"start":{"line":21,"column":8},"end":{"line":57,"column":9}},{"start":{"line":23,"column":15},"end":{"line":57,"column":9}}],"line":21},"1":{"loc":{"start":{"line":21,"column":14},"end":{"line":21,"column":58}},"type":"binary-expr","locations":[{"start":{"line":21,"column":14},"end":{"line":21,"column":19}},{"start":{"line":21,"column":23},"end":{"line":21,"column":31}},{"start":{"line":21,"column":35},"end":{"line":21,"column":45}},{"start":{"line":21,"column":49},"end":{"line":21,"column":58}}],"line":21},"2":{"loc":{"start":{"line":28,"column":12},"end":{"line":30,"column":13}},"type":"if","locations":[{"start":{"line":28,"column":12},"end":{"line":30,"column":13}},{"start":{},"end":{}}],"line":28}},"s":{"0":1,"1":1,"2":1,"3":1,"4":1,"5":1,"6":1,"7":1,"8":1,"9":4,"10":4,"11":4,"12":1,"13":3,"14":3,"15":1,"16":2,"17":2,"18":2,"19":2,"20":2,"21":2,"22":0,"23":1},"f":{"0":4},"b":{"0":[1,3],"1":[4,3,3,3],"2":[1,2]},"_coverageSchema":"1a1c01bbd47fc00a2c39e90264f33305004495a9","hash":"fb9e0ab513ceac48bdb5279a6147b616d53601c2"}
,"D:\\growsari-exam\\sp-backend\\routes\\subjects.js": {"path":"D:\\growsari-exam\\sp-backend\\routes\\subjects.js","statementMap":{"0":{"start":{"line":1,"column":16},"end":{"line":1,"column":34}},"1":{"start":{"line":2,"column":19},"end":{"line":2,"column":41}},"2":{"start":{"line":3,"column":16},"end":{"line":3,"column":43}},"3":{"start":{"line":4,"column":13},"end":{"line":4,"column":42}},"4":{"start":{"line":5,"column":20},"end":{"line":5,"column":56}},"5":{"start":{"line":7,"column":10},"end":{"line":7,"column":26}},"6":{"start":{"line":9,"column":0},"end":{"line":9,"column":27}},"7":{"start":{"line":13,"column":0},"end":{"line":34,"column":3}},"8":{"start":{"line":14,"column":4},"end":{"line":33,"column":5}},"9":{"start":{"line":15,"column":38},"end":{"line":15,"column":46}},"10":{"start":{"line":16,"column":8},"end":{"line":24,"column":9}},"11":{"start":{"line":17,"column":28},"end":{"line":20,"column":14}},"12":{"start":{"line":21,"column":12},"end":{"line":21,"column":59}},"13":{"start":{"line":23,"column":12},"end":{"line":23,"column":60}},"14":{"start":{"line":27,"column":8},"end":{"line":31,"column":9}},"15":{"start":{"line":28,"column":12},"end":{"line":28,"column":59}},"16":{"start":{"line":30,"column":12},"end":{"line":30,"column":37}},"17":{"start":{"line":36,"column":0},"end":{"line":44,"column":3}},"18":{"start":{"line":37,"column":4},"end":{"line":42,"column":5}},"19":{"start":{"line":38,"column":28},"end":{"line":38,"column":48}},"20":{"start":{"line":39,"column":8},"end":{"line":39,"column":42}},"21":{"start":{"line":41,"column":8},"end":{"line":41,"column":25}},"22":{"start":{"line":46,"column":0},"end":{"line":59,"column":2}},"23":{"start":{"line":47,"column":27},"end":{"line":47,"column":35}},"24":{"start":{"line":48,"column":4},"end":{"line":57,"column":5}},"25":{"start":{"line":49,"column":8},"end":{"line":54,"column":9}},"26":{"start":{"line":50,"column":31},"end":{"line":50,"column":70}},"27":{"start":{"line":51,"column":12},"end":{"line":51,"column":82}},"28":{"start":{"line":53,"column":12},"end":{"line":53,"column":38}},"29":{"start":{"line":56,"column":8},"end":{"line":56,"column":57}},"30":{"start":{"line":61,"column":0},"end":{"line":61,"column":21}}},"fnMap":{"0":{"name":"(anonymous_0)","decl":{"start":{"line":13,"column":17},"end":{"line":13,"column":18}},"loc":{"start":{"line":13,"column":36},"end":{"line":34,"column":1}},"line":13},"1":{"name":"(anonymous_1)","decl":{"start":{"line":36,"column":13},"end":{"line":36,"column":14}},"loc":{"start":{"line":36,"column":31},"end":{"line":44,"column":1}},"line":36},"2":{"name":"(anonymous_2)","decl":{"start":{"line":46,"column":22},"end":{"line":46,"column":23}},"loc":{"start":{"line":46,"column":41},"end":{"line":59,"column":1}},"line":46}},"branchMap":{"0":{"loc":{"start":{"line":16,"column":8},"end":{"line":24,"column":9}},"type":"if","locations":[{"start":{"line":16,"column":8},"end":{"line":24,"column":9}},{"start":{"line":22,"column":15},"end":{"line":24,"column":9}}],"line":16},"1":{"loc":{"start":{"line":16,"column":11},"end":{"line":16,"column":62}},"type":"binary-expr","locations":[{"start":{"line":16,"column":11},"end":{"line":16,"column":31}},{"start":{"line":16,"column":36},"end":{"line":16,"column":48}},{"start":{"line":16,"column":52},"end":{"line":16,"column":61}}],"line":16},"2":{"loc":{"start":{"line":27,"column":8},"end":{"line":31,"column":9}},"type":"if","locations":[{"start":{"line":27,"column":8},"end":{"line":31,"column":9}},{"start":{"line":29,"column":15},"end":{"line":31,"column":9}}],"line":27},"3":{"loc":{"start":{"line":48,"column":4},"end":{"line":57,"column":5}},"type":"if","locations":[{"start":{"line":48,"column":4},"end":{"line":57,"column":5}},{"start":{"line":55,"column":11},"end":{"line":57,"column":5}}],"line":48}},"s":{"0":1,"1":1,"2":1,"3":1,"4":1,"5":1,"6":1,"7":1,"8":3,"9":3,"10":3,"11":2,"12":1,"13":1,"14":1,"15":1,"16":0,"17":1,"18":1,"19":1,"20":1,"21":0,"22":1,"23":2,"24":2,"25":1,"26":1,"27":1,"28":0,"29":1,"30":1},"f":{"0":3,"1":1,"2":2},"b":{"0":[2,1],"1":[3,2,0],"2":[1,0],"3":[1,1]},"_coverageSchema":"1a1c01bbd47fc00a2c39e90264f33305004495a9","hash":"b2b509e4e6e5e9a0cf97313b91406b6ad48f4dee"}
,"D:\\growsari-exam\\sp-backend\\routes\\user.js": {"path":"D:\\growsari-exam\\sp-backend\\routes\\user.js","statementMap":{"0":{"start":{"line":1,"column":13},"end":{"line":1,"column":42}},"1":{"start":{"line":2,"column":20},"end":{"line":2,"column":56}},"2":{"start":{"line":3,"column":16},"end":{"line":3,"column":34}},"3":{"start":{"line":4,"column":16},"end":{"line":4,"column":43}},"4":{"start":{"line":5,"column":13},"end":{"line":5,"column":37}},"5":{"start":{"line":6,"column":22},"end":{"line":6,"column":46}},"6":{"start":{"line":8,"column":10},"end":{"line":8,"column":26}},"7":{"start":{"line":11,"column":0},"end":{"line":48,"column":3}},"8":{"start":{"line":12,"column":20},"end":{"line":12,"column":41}},"9":{"start":{"line":13,"column":29},"end":{"line":13,"column":37}},"10":{"start":{"line":15,"column":4},"end":{"line":45,"column":5}},"11":{"start":{"line":16,"column":22},"end":{"line":16,"column":61}},"12":{"start":{"line":18,"column":8},"end":{"line":41,"column":9}},"13":{"start":{"line":19,"column":12},"end":{"line":19,"column":81}},"14":{"start":{"line":21,"column":23},"end":{"line":21,"column":45}},"15":{"start":{"line":25,"column":34},"end":{"line":28,"column":13}},"16":{"start":{"line":32,"column":12},"end":{"line":40,"column":13}},"17":{"start":{"line":33,"column":27},"end":{"line":36,"column":17}},"18":{"start":{"line":37,"column":16},"end":{"line":37,"column":107}},"19":{"start":{"line":39,"column":16},"end":{"line":39,"column":84}},"20":{"start":{"line":44,"column":8},"end":{"line":44,"column":25}},"21":{"start":{"line":50,"column":0},"end":{"line":76,"column":3}},"22":{"start":{"line":51,"column":17},"end":{"line":51,"column":38}},"23":{"start":{"line":52,"column":29},"end":{"line":52,"column":37}},"24":{"start":{"line":53,"column":4},"end":{"line":74,"column":5}},"25":{"start":{"line":54,"column":8},"end":{"line":73,"column":9}},"26":{"start":{"line":55,"column":32},"end":{"line":57,"column":13}},"27":{"start":{"line":58,"column":12},"end":{"line":68,"column":13}},"28":{"start":{"line":60,"column":33},"end":{"line":64,"column":21}},"29":{"start":{"line":65,"column":16},"end":{"line":65,"column":95}},"30":{"start":{"line":67,"column":16},"end":{"line":67,"column":64}},"31":{"start":{"line":71,"column":12},"end":{"line":71,"column":29}},"32":{"start":{"line":72,"column":12},"end":{"line":72,"column":38}},"33":{"start":{"line":79,"column":0},"end":{"line":84,"column":3}},"34":{"start":{"line":80,"column":20},"end":{"line":80,"column":41}},"35":{"start":{"line":81,"column":15},"end":{"line":81,"column":54}},"36":{"start":{"line":83,"column":4},"end":{"line":83,"column":40}},"37":{"start":{"line":86,"column":0},"end":{"line":115,"column":3}},"38":{"start":{"line":87,"column":32},"end":{"line":87,"column":40}},"39":{"start":{"line":89,"column":20},"end":{"line":89,"column":41}},"40":{"start":{"line":90,"column":4},"end":{"line":113,"column":5}},"41":{"start":{"line":91,"column":8},"end":{"line":91,"column":56}},"42":{"start":{"line":93,"column":8},"end":{"line":112,"column":9}},"43":{"start":{"line":94,"column":26},"end":{"line":94,"column":65}},"44":{"start":{"line":95,"column":12},"end":{"line":107,"column":13}},"45":{"start":{"line":96,"column":16},"end":{"line":96,"column":86}},"46":{"start":{"line":98,"column":27},"end":{"line":98,"column":49}},"47":{"start":{"line":101,"column":38},"end":{"line":104,"column":17}},"48":{"start":{"line":106,"column":16},"end":{"line":106,"column":90}},"49":{"start":{"line":111,"column":12},"end":{"line":111,"column":38}},"50":{"start":{"line":117,"column":0},"end":{"line":131,"column":2}},"51":{"start":{"line":118,"column":22},"end":{"line":118,"column":30}},"52":{"start":{"line":119,"column":4},"end":{"line":119,"column":22}},"53":{"start":{"line":120,"column":4},"end":{"line":130,"column":5}},"54":{"start":{"line":121,"column":8},"end":{"line":126,"column":9}},"55":{"start":{"line":122,"column":31},"end":{"line":122,"column":62}},"56":{"start":{"line":123,"column":12},"end":{"line":123,"column":73}},"57":{"start":{"line":125,"column":12},"end":{"line":125,"column":38}},"58":{"start":{"line":129,"column":8},"end":{"line":129,"column":75}},"59":{"start":{"line":133,"column":0},"end":{"line":133,"column":21}}},"fnMap":{"0":{"name":"(anonymous_0)","decl":{"start":{"line":11,"column":26},"end":{"line":11,"column":27}},"loc":{"start":{"line":11,"column":46},"end":{"line":48,"column":1}},"line":11},"1":{"name":"(anonymous_1)","decl":{"start":{"line":50,"column":29},"end":{"line":50,"column":30}},"loc":{"start":{"line":50,"column":49},"end":{"line":76,"column":1}},"line":50},"2":{"name":"(anonymous_2)","decl":{"start":{"line":79,"column":27},"end":{"line":79,"column":28}},"loc":{"start":{"line":79,"column":47},"end":{"line":84,"column":1}},"line":79},"3":{"name":"(anonymous_3)","decl":{"start":{"line":86,"column":29},"end":{"line":86,"column":30}},"loc":{"start":{"line":86,"column":49},"end":{"line":115,"column":1}},"line":86},"4":{"name":"(anonymous_4)","decl":{"start":{"line":117,"column":28},"end":{"line":117,"column":29}},"loc":{"start":{"line":117,"column":48},"end":{"line":131,"column":1}},"line":117}},"branchMap":{"0":{"loc":{"start":{"line":18,"column":8},"end":{"line":41,"column":9}},"type":"if","locations":[{"start":{"line":18,"column":8},"end":{"line":41,"column":9}},{"start":{"line":20,"column":15},"end":{"line":41,"column":9}}],"line":18},"1":{"loc":{"start":{"line":32,"column":12},"end":{"line":40,"column":13}},"type":"if","locations":[{"start":{"line":32,"column":12},"end":{"line":40,"column":13}},{"start":{"line":38,"column":19},"end":{"line":40,"column":13}}],"line":32},"2":{"loc":{"start":{"line":53,"column":4},"end":{"line":74,"column":5}},"type":"if","locations":[{"start":{"line":53,"column":4},"end":{"line":74,"column":5}},{"start":{},"end":{}}],"line":53},"3":{"loc":{"start":{"line":58,"column":12},"end":{"line":68,"column":13}},"type":"if","locations":[{"start":{"line":58,"column":12},"end":{"line":68,"column":13}},{"start":{"line":66,"column":19},"end":{"line":68,"column":13}}],"line":58},"4":{"loc":{"start":{"line":90,"column":4},"end":{"line":113,"column":5}},"type":"if","locations":[{"start":{"line":90,"column":4},"end":{"line":113,"column":5}},{"start":{"line":92,"column":11},"end":{"line":113,"column":5}}],"line":90},"5":{"loc":{"start":{"line":90,"column":8},"end":{"line":90,"column":41}},"type":"binary-expr","locations":[{"start":{"line":90,"column":8},"end":{"line":90,"column":28}},{"start":{"line":90,"column":32},"end":{"line":90,"column":41}}],"line":90},"6":{"loc":{"start":{"line":95,"column":12},"end":{"line":107,"column":13}},"type":"if","locations":[{"start":{"line":95,"column":12},"end":{"line":107,"column":13}},{"start":{"line":97,"column":19},"end":{"line":107,"column":13}}],"line":95},"7":{"loc":{"start":{"line":120,"column":4},"end":{"line":130,"column":5}},"type":"if","locations":[{"start":{"line":120,"column":4},"end":{"line":130,"column":5}},{"start":{"line":128,"column":11},"end":{"line":130,"column":5}}],"line":120}},"s":{"0":1,"1":1,"2":1,"3":1,"4":1,"5":1,"6":1,"7":1,"8":2,"9":2,"10":2,"11":2,"12":2,"13":1,"14":1,"15":1,"16":1,"17":1,"18":1,"19":0,"20":0,"21":1,"22":2,"23":2,"24":2,"25":2,"26":2,"27":2,"28":1,"29":1,"30":1,"31":0,"32":0,"33":1,"34":1,"35":1,"36":1,"37":1,"38":3,"39":3,"40":3,"41":1,"42":2,"43":2,"44":2,"45":1,"46":1,"47":1,"48":1,"49":0,"50":1,"51":1,"52":1,"53":1,"54":1,"55":1,"56":1,"57":0,"58":0,"59":1},"f":{"0":2,"1":2,"2":1,"3":3,"4":1},"b":{"0":[1,1],"1":[1,0],"2":[2,0],"3":[1,1],"4":[1,2],"5":[3,2],"6":[1,1],"7":[1,0]},"_coverageSchema":"1a1c01bbd47fc00a2c39e90264f33305004495a9","hash":"a29ed65222b3b6bb083d031d314ef11383469789"}
,"D:\\growsari-exam\\sp-backend\\routes\\welcome.js": {"path":"D:\\growsari-exam\\sp-backend\\routes\\welcome.js","statementMap":{"0":{"start":{"line":2,"column":16},"end":{"line":2,"column":34}},"1":{"start":{"line":3,"column":15},"end":{"line":3,"column":31}},"2":{"start":{"line":4,"column":13},"end":{"line":4,"column":42}},"3":{"start":{"line":6,"column":14},"end":{"line":6,"column":30}},"4":{"start":{"line":7,"column":20},"end":{"line":7,"column":56}},"5":{"start":{"line":9,"column":0},"end":{"line":15,"column":3}},"6":{"start":{"line":10,"column":21},"end":{"line":13,"column":6}},"7":{"start":{"line":14,"column":4},"end":{"line":14,"column":137}},"8":{"start":{"line":17,"column":0},"end":{"line":17,"column":24}}},"fnMap":{"0":{"name":"(anonymous_0)","decl":{"start":{"line":9,"column":22},"end":{"line":9,"column":23}},"loc":{"start":{"line":9,"column":42},"end":{"line":15,"column":1}},"line":9}},"branchMap":{},"s":{"0":1,"1":1,"2":1,"3":1,"4":1,"5":1,"6":1,"7":1,"8":1},"f":{"0":1},"b":{},"_coverageSchema":"1a1c01bbd47fc00a2c39e90264f33305004495a9","hash":"1e43771b386316610b8a16adf2e02e8765adc35b"}
}
