TN:
SF:app.js
FNF:0
FNH:0
DA:1,1
DA:2,1
DA:4,1
DA:5,1
DA:6,1
DA:7,1
DA:9,1
DA:13,1
DA:14,1
DA:16,1
DA:17,1
DA:19,1
DA:20,1
DA:22,1
DA:23,1
DA:25,1
DA:26,1
DA:28,1
DA:29,1
DA:31,1
DA:32,1
DA:36,1
LF:22
LH:22
BRF:0
BRH:0
end_of_record
TN:
SF:middleware\auth.js
FN:6,(anonymous_0)
FNF:1
FNH:1
FNDA:42,(anonymous_0)
DA:1,1
DA:3,1
DA:6,1
DA:8,42
DA:10,42
DA:11,14
DA:13,28
DA:14,28
DA:16,28
DA:18,0
DA:21,28
DA:24,1
LF:12
LH:11
BRDA:8,0,0,42
BRDA:8,0,1,42
BRDA:8,0,2,42
BRDA:10,1,0,14
BRDA:10,1,1,28
BRF:5
BRH:5
end_of_record
TN:
SF:middleware\currentuser.js
FN:6,(anonymous_0)
FNF:1
FNH:1
FNDA:23,(anonymous_0)
DA:1,1
DA:3,1
DA:6,1
DA:8,23
DA:9,23
DA:10,23
DA:12,23
DA:15,0
DA:20,1
LF:9
LH:8
BRDA:8,0,0,23
BRDA:8,0,1,23
BRDA:8,0,2,23
BRF:3
BRH:3
end_of_record
TN:
SF:model\activity.js
FNF:0
FNH:0
DA:1,1
DA:2,1
DA:3,1
DA:4,1
DA:13,1
LF:5
LH:5
BRF:0
BRH:0
end_of_record
TN:
SF:model\note.js
FNF:0
FNH:0
DA:1,1
DA:3,1
DA:10,1
LF:3
LH:3
BRF:0
BRH:0
end_of_record
TN:
SF:model\subject.js
FNF:0
FNH:0
DA:1,1
DA:3,1
DA:8,1
LF:3
LH:3
BRF:0
BRH:0
end_of_record
TN:
SF:model\user.js
FNF:0
FNH:0
DA:1,1
DA:3,1
DA:24,1
LF:3
LH:3
BRF:0
BRH:0
end_of_record
TN:
SF:routes\activities.js
FN:12,(anonymous_0)
FN:23,(anonymous_1)
FN:55,(anonymous_2)
FN:85,(anonymous_3)
FNF:4
FNH:4
FNDA:1,(anonymous_0)
FNDA:4,(anonymous_1)
FNDA:3,(anonymous_2)
FNDA:2,(anonymous_3)
DA:1,1
DA:2,1
DA:3,1
DA:4,1
DA:5,1
DA:6,1
DA:8,1
DA:9,1
DA:12,1
DA:14,1
DA:15,1
DA:16,1
DA:18,0
DA:23,1
DA:24,4
DA:25,4
DA:26,4
DA:27,3
DA:28,3
DA:29,1
DA:31,2
DA:32,2
DA:39,1
DA:41,1
DA:42,1
DA:44,0
DA:50,1
DA:55,1
DA:56,3
DA:57,3
DA:58,2
DA:59,2
DA:60,2
DA:61,1
DA:64,1
DA:65,1
DA:70,1
DA:72,0
DA:77,0
DA:78,0
DA:81,1
DA:85,1
DA:86,2
DA:87,2
DA:88,2
DA:89,2
DA:90,2
DA:91,1
DA:92,1
DA:93,1
DA:95,0
DA:98,1
DA:101,0
DA:102,0
DA:111,1
LF:55
LH:47
BRDA:26,0,0,3
BRDA:26,0,1,1
BRDA:26,1,0,4
BRDA:26,1,1,3
BRDA:28,2,0,1
BRDA:28,2,1,2
BRDA:41,3,0,1
BRDA:41,3,1,0
BRDA:57,4,0,2
BRDA:57,4,1,1
BRDA:57,5,0,3
BRDA:57,5,1,1
BRDA:60,6,0,1
BRDA:60,6,1,1
BRDA:64,7,0,1
BRDA:64,7,1,0
BRDA:87,8,0,2
BRDA:87,8,1,0
BRDA:90,9,0,1
BRDA:90,9,1,1
BRDA:91,10,0,1
BRDA:91,10,1,0
BRF:22
BRH:18
end_of_record
TN:
SF:routes\login.js
FN:12,(anonymous_0)
FNF:1
FNH:1
FNDA:2,(anonymous_0)
DA:1,1
DA:4,1
DA:5,1
DA:6,1
DA:7,1
DA:8,1
DA:10,1
DA:12,1
DA:15,2
DA:17,2
DA:20,2
DA:21,1
DA:25,1
DA:27,1
DA:29,0
DA:38,0
DA:41,0
DA:43,1
DA:48,0
DA:53,1
LF:20
LH:16
BRDA:20,0,0,1
BRDA:20,0,1,1
BRDA:20,1,0,2
BRDA:20,1,1,1
BRDA:27,2,0,0
BRDA:27,2,1,1
BRDA:27,3,0,1
BRDA:27,3,1,1
BRF:8
BRH:7
end_of_record
TN:
SF:routes\notes.js
FN:13,(anonymous_0)
FN:25,(anonymous_1)
FN:58,(anonymous_2)
FN:82,(anonymous_3)
FNF:4
FNH:4
FNDA:1,(anonymous_0)
FNDA:3,(anonymous_1)
FNDA:2,(anonymous_2)
FNDA:2,(anonymous_3)
DA:1,1
DA:2,1
DA:3,1
DA:4,1
DA:5,1
DA:6,1
DA:7,1
DA:8,1
DA:10,1
DA:11,1
DA:13,1
DA:14,1
DA:15,1
DA:16,1
DA:19,1
DA:21,0
DA:25,1
DA:27,3
DA:28,3
DA:30,3
DA:31,2
DA:33,2
DA:34,1
DA:35,1
DA:37,1
DA:43,1
DA:46,1
DA:49,1
DA:52,0
DA:53,0
DA:58,1
DA:59,2
DA:60,2
DA:61,2
DA:62,2
DA:63,2
DA:65,2
DA:66,1
DA:70,1
DA:72,1
DA:75,0
DA:78,0
DA:82,1
DA:83,2
DA:84,2
DA:85,2
DA:86,1
DA:87,1
DA:88,1
DA:89,0
DA:91,1
DA:92,1
DA:93,1
DA:95,0
DA:99,0
DA:103,1
DA:107,1
LF:57
LH:49
BRDA:30,0,0,2
BRDA:30,0,1,1
BRDA:30,1,0,3
BRDA:30,1,1,2
BRDA:33,2,0,1
BRDA:33,2,1,1
BRDA:61,3,0,2
BRDA:61,3,1,0
BRDA:61,4,0,2
BRDA:61,4,1,2
BRDA:65,5,0,1
BRDA:65,5,1,1
BRDA:85,6,0,1
BRDA:85,6,1,1
BRDA:88,7,0,0
BRDA:88,7,1,1
BRDA:91,8,0,1
BRDA:91,8,1,0
BRF:18
BRH:15
end_of_record
TN:
SF:routes\register.js
FN:13,(anonymous_0)
FNF:1
FNH:1
FNDA:4,(anonymous_0)
DA:1,1
DA:3,1
DA:4,1
DA:5,1
DA:6,1
DA:7,1
DA:9,1
DA:11,1
DA:13,1
DA:15,4
DA:18,4
DA:21,4
DA:22,1
DA:26,3
DA:28,3
DA:29,1
DA:33,2
DA:34,2
DA:36,2
DA:45,2
DA:53,2
DA:56,2
DA:61,0
DA:65,1
LF:24
LH:23
BRDA:21,0,0,1
BRDA:21,0,1,3
BRDA:21,1,0,4
BRDA:21,1,1,3
BRDA:21,1,2,3
BRDA:21,1,3,3
BRDA:28,2,0,1
BRDA:28,2,1,2
BRF:8
BRH:8
end_of_record
TN:
SF:routes\subjects.js
FN:13,(anonymous_0)
FN:36,(anonymous_1)
FN:46,(anonymous_2)
FNF:3
FNH:3
FNDA:3,(anonymous_0)
FNDA:1,(anonymous_1)
FNDA:2,(anonymous_2)
DA:1,1
DA:2,1
DA:3,1
DA:4,1
DA:5,1
DA:7,1
DA:9,1
DA:13,1
DA:14,3
DA:15,3
DA:16,3
DA:17,2
DA:21,1
DA:23,1
DA:27,1
DA:28,1
DA:30,0
DA:36,1
DA:37,1
DA:38,1
DA:39,1
DA:41,0
DA:46,1
DA:47,2
DA:48,2
DA:49,1
DA:50,1
DA:51,1
DA:53,0
DA:56,1
DA:61,1
LF:31
LH:28
BRDA:16,0,0,2
BRDA:16,0,1,1
BRDA:16,1,0,3
BRDA:16,1,1,2
BRDA:16,1,2,0
BRDA:27,2,0,1
BRDA:27,2,1,0
BRDA:48,3,0,1
BRDA:48,3,1,1
BRF:9
BRH:7
end_of_record
TN:
SF:routes\user.js
FN:11,(anonymous_0)
FN:50,(anonymous_1)
FN:79,(anonymous_2)
FN:86,(anonymous_3)
FN:117,(anonymous_4)
FNF:5
FNH:5
FNDA:2,(anonymous_0)
FNDA:2,(anonymous_1)
FNDA:1,(anonymous_2)
FNDA:3,(anonymous_3)
FNDA:1,(anonymous_4)
DA:1,1
DA:2,1
DA:3,1
DA:4,1
DA:5,1
DA:6,1
DA:8,1
DA:11,1
DA:12,2
DA:13,2
DA:15,2
DA:16,2
DA:18,2
DA:19,1
DA:21,1
DA:25,1
DA:32,1
DA:33,1
DA:37,1
DA:39,0
DA:44,0
DA:50,1
DA:51,2
DA:52,2
DA:53,2
DA:54,2
DA:55,2
DA:58,2
DA:60,1
DA:65,1
DA:67,1
DA:71,0
DA:72,0
DA:79,1
DA:80,1
DA:81,1
DA:83,1
DA:86,1
DA:87,3
DA:89,3
DA:90,3
DA:91,1
DA:93,2
DA:94,2
DA:95,2
DA:96,1
DA:98,1
DA:101,1
DA:106,1
DA:111,0
DA:117,1
DA:118,1
DA:119,1
DA:120,1
DA:121,1
DA:122,1
DA:123,1
DA:125,0
DA:129,0
DA:133,1
LF:60
LH:53
BRDA:18,0,0,1
BRDA:18,0,1,1
BRDA:32,1,0,1
BRDA:32,1,1,0
BRDA:53,2,0,2
BRDA:53,2,1,0
BRDA:58,3,0,1
BRDA:58,3,1,1
BRDA:90,4,0,1
BRDA:90,4,1,2
BRDA:90,5,0,3
BRDA:90,5,1,2
BRDA:95,6,0,1
BRDA:95,6,1,1
BRDA:120,7,0,1
BRDA:120,7,1,0
BRF:16
BRH:13
end_of_record
TN:
SF:routes\welcome.js
FN:9,(anonymous_0)
FNF:1
FNH:1
FNDA:1,(anonymous_0)
DA:2,1
DA:3,1
DA:4,1
DA:6,1
DA:7,1
DA:9,1
DA:10,1
DA:14,1
DA:17,1
LF:9
LH:9
BRF:0
BRH:0
end_of_record
